<?xml version="1.0" encoding="UTF-8"?>
<!-- Generated by org.testng.reporters.JUnitXMLReporter -->
<testsuite ignored="0" hostname="NikKrn" failures="0" tests="2" name="Linux-firfox" time="360.847" errors="0" timestamp="2025-11-15T12:21:41 IST">
  <testcase classname="testCases.TC001_Account_Registration_Test" name="verify_account_registration" time="0.0">
    <skipped/>
  </testcase> <!-- verify_account_registration -->
  <testcase classname="testCases.TC002_LoginCart" name="verify_login" time="0.0">
    <skipped/>
  </testcase> <!-- verify_login -->
</testsuite> <!-- Linux-firfox -->
