<?xml version="1.0" encoding="UTF-8"?>
<!-- Generated by org.testng.reporters.JUnitReportReporter -->
<testsuite hostname="NikKrn" failures="0" tests="6" name="testCases.TC003_LoginCartDDT" time="48.443" errors="0" timestamp="2025-11-05T22:34:22 IST" skipped="0">
  <testcase classname="testCases.TC003_LoginCartDDT" name="verify_loginDDT" time="11.562"/>
  <testcase classname="testCases.TC003_LoginCartDDT" name="verify_loginDDT" time="10.546"/>
  <testcase classname="testCases.TC003_LoginCartDDT" name="verify_loginDDT" time="10.592"/>
  <testcase classname="testCases.TC003_LoginCartDDT" name="verify_loginDDT" time="2.140"/>
  <testcase classname="testCases.TC003_LoginCartDDT" name="verify_loginDDT" time="1.839"/>
  <testcase classname="testCases.TC003_LoginCartDDT" name="verify_loginDDT" time="11.764"/>
</testsuite> <!-- testCases.TC003_LoginCartDDT -->
